0 info it worked if it ends with ok
1 verbose cli [ '/usr/local/bin/node', '/usr/local/bin/npm', 'publish' ]
2 info using npm@3.3.12
3 info using node@v5.1.0
4 verbose publish [ '.' ]
5 silly cache add args [ '.', null ]
6 verbose cache add spec .
7 silly cache add parsed spec Result {
7 silly cache add   raw: '.',
7 silly cache add   scope: null,
7 silly cache add   name: null,
7 silly cache add   rawSpec: '.',
7 silly cache add   spec: '/Users/johnbenavides/WebstormProjects/react-datatable-bootstrap',
7 silly cache add   type: 'directory' }
8 verbose addLocalDirectory /Users/johnbenavides/.npm/react-datatable-bootstrap/0.1.0/package.tgz not in flight; packing
9 info lifecycle react-datatable-bootstrap@0.1.0~prepublish: react-datatable-bootstrap@0.1.0
10 silly lifecycle react-datatable-bootstrap@0.1.0~prepublish: no script for prepublish, continuing
11 verbose tar pack [ '/Users/johnbenavides/.npm/react-datatable-bootstrap/0.1.0/package.tgz',
11 verbose tar pack   '/Users/johnbenavides/WebstormProjects/react-datatable-bootstrap' ]
12 verbose tarball /Users/johnbenavides/.npm/react-datatable-bootstrap/0.1.0/package.tgz
13 verbose folder /Users/johnbenavides/WebstormProjects/react-datatable-bootstrap
14 verbose addLocalTarball adding from inside cache /Users/johnbenavides/.npm/react-datatable-bootstrap/0.1.0/package.tgz
15 silly cache afterAdd react-datatable-bootstrap@0.1.0
16 verbose afterAdd /Users/johnbenavides/.npm/react-datatable-bootstrap/0.1.0/package/package.json not in flight; writing
17 verbose afterAdd /Users/johnbenavides/.npm/react-datatable-bootstrap/0.1.0/package/package.json written
18 silly publish { name: 'react-datatable-bootstrap',
18 silly publish   version: '0.1.0',
18 silly publish   description: 'DataTable module using react and react-bootstrap',
18 silly publish   main: 'dist/index.js',
18 silly publish   dependencies: { 'react-bootstrap': '^0.28.1' },
18 silly publish   devDependencies:
18 silly publish    { babel: '^6.3.13',
18 silly publish      'babel-cli': '^6.3.17',
18 silly publish      'babel-core': '^6.3.26',
18 silly publish      'babel-preset-es2015': '^6.3.13',
18 silly publish      'babel-preset-react': '^6.3.13' },
18 silly publish   peerDependencies: { react: '^0.14.0', 'react-dom': '^0.14.3' },
18 silly publish   scripts:
18 silly publish    { build: 'NODE_ENV=production babel src --out-dir dist',
18 silly publish      test: 'mocha' },
18 silly publish   repository:
18 silly publish    { type: 'git',
18 silly publish      url: 'git+https://github.com/couds/react-bootstrap-datatable.git' },
18 silly publish   keywords: [],
18 silly publish   author: { name: 'John Benavides' },
18 silly publish   license: 'ISC',
18 silly publish   bugs: { url: 'https://github.com/couds/react-bootstrap-datatable/issues' },
18 silly publish   homepage: 'https://github.com/couds/react-bootstrap-datatable#readme',
18 silly publish   readme: '# react-bootstrap-datatable\n\nDataTable module using react and react-bootstrap\n\n## Installation\n\n  npm i --save react-bootstrap-datatable\n\n## Usage\n\n      import {DataTable, DataColumn, Pagination} from \'react-bootstrap-datatable\'\n\n      class Products extends React.Component{\n        constructor(){\n          this.dataObject = [\n            {\n              id: 1,\n              name: \'NodeJS\',\n              price : "10.0"\n            },\n            {\n              id: 2,\n              name: \'React\',\n              price : "15.0"\n            }\n          ]\n        }\n        \n        transform = (row, value) => {\n          return `$ ${value}`\n        }\n      \n        render(){\n        \n          let typesOptions = {\n            caseSensitive : false,//False by default\n            options : [\n              {\n                value : \'android\',\n                title: \'Android\'\n              },\n              {\n                value : \'ios\',\n                title: \'Apple\'\n              },\n              {\n                value : \'windows\',\n                title: \'Windows Phone\'\n              }\n            ]\n          }\n          \n          return(\n            <DataTable data={this.dataObject}>\n              <DataColumn title="ID" key="id" sortable={true} searchable={false} md={2} />\n              <DataColumn title="Name" key="name" sortable={true} searchable={true} md={8}  >\n                Title as Children too\n              </DataColumn>\n              <DataColumn title="Price" key="price" transform={this.transform} sortable={true} md={2} searchable={false}  />\n              <DataColumn title="Type" key="type" md={2} searchable={false}  searchOptions={typesOptions} />\n              <Pagination maxButtons={3} itemPerPage={10} />\n            </DataTable>  \n          )\n        }\n      }\n\n  \n  \n  \n  \n  \n\n## Tests\n\n  No test implemented yet\n\n## Contributing\n\n\n\n## Release History\n\n* 0.0.1 Initial release\n* 0.0.2 Bug Fix sorting no string columns, Bug Fix multi-column search\n* 0.0.3 Move react dependency to peerDependencies to avoid problems with the react version\n* 0.0.4 Allow combobox in column search\n* 0.0.5 add Styles to datatable dtStyle=[default, dark]\n* 0.0.6 bug fix: set current page to 1 when starting a search\n',
18 silly publish   readmeFilename: 'README.md',
18 silly publish   gitHead: 'e25e61b68e175c57a332b6215d0bba70706de5dd',
18 silly publish   _id: 'react-datatable-bootstrap@0.1.0',
18 silly publish   _shasum: '6d911396bafb730b1f65033ea77d9684bb629abd',
18 silly publish   _from: '.' }
19 verbose getPublishConfig undefined
20 silly mapToRegistry name react-datatable-bootstrap
21 silly mapToRegistry using default registry
22 silly mapToRegistry registry https://registry.npmjs.org/
23 silly mapToRegistry uri https://registry.npmjs.org/react-datatable-bootstrap
24 verbose publish registryBase https://registry.npmjs.org/
25 silly publish uploading /Users/johnbenavides/.npm/react-datatable-bootstrap/0.1.0/package.tgz
26 verbose request uri https://registry.npmjs.org/react-datatable-bootstrap
27 verbose request sending authorization for write operation
28 info attempt registry request try #1 at 3:49:04 PM
29 verbose request using bearer token for auth
30 verbose request id 584ec4ebddb370f4
31 http request PUT https://registry.npmjs.org/react-datatable-bootstrap
32 http 403 https://registry.npmjs.org/react-datatable-bootstrap
33 verbose headers { 'content-type': 'application/json',
33 verbose headers   'cache-control': 'max-age=300',
33 verbose headers   'content-length': '95',
33 verbose headers   'accept-ranges': 'bytes',
33 verbose headers   date: 'Sat, 16 Jan 2016 14:49:06 GMT',
33 verbose headers   via: '1.1 varnish',
33 verbose headers   connection: 'keep-alive',
33 verbose headers   'x-served-by': 'cache-fra1232-FRA',
33 verbose headers   'x-cache': 'MISS',
33 verbose headers   'x-cache-hits': '0',
33 verbose headers   'x-timer': 'S1452955744.985924,VS0,VE1515' }
34 verbose request invalidating /Users/johnbenavides/.npm/registry.npmjs.org/react-datatable-bootstrap on PUT
35 error publish Failed PUT 403
36 verbose stack Error: "You cannot publish over the previously published version 0.1.0." : react-datatable-bootstrap
36 verbose stack     at makeError (/usr/local/lib/node_modules/npm/node_modules/npm-registry-client/lib/request.js:264:12)
36 verbose stack     at CachingRegistryClient.<anonymous> (/usr/local/lib/node_modules/npm/node_modules/npm-registry-client/lib/request.js:252:14)
36 verbose stack     at Request._callback (/usr/local/lib/node_modules/npm/node_modules/npm-registry-client/lib/request.js:172:14)
36 verbose stack     at Request.self.callback (/usr/local/lib/node_modules/npm/node_modules/request/request.js:198:22)
36 verbose stack     at emitTwo (events.js:87:13)
36 verbose stack     at Request.emit (events.js:172:7)
36 verbose stack     at Request.<anonymous> (/usr/local/lib/node_modules/npm/node_modules/request/request.js:1082:10)
36 verbose stack     at emitOne (events.js:82:20)
36 verbose stack     at Request.emit (events.js:169:7)
36 verbose stack     at IncomingMessage.<anonymous> (/usr/local/lib/node_modules/npm/node_modules/request/request.js:1009:12)
37 verbose statusCode 403
38 verbose pkgid react-datatable-bootstrap
39 verbose cwd /Users/johnbenavides/WebstormProjects/react-datatable-bootstrap
40 error Darwin 15.0.0
41 error argv "/usr/local/bin/node" "/usr/local/bin/npm" "publish"
42 error node v5.1.0
43 error npm  v3.3.12
44 error code E403
45 error "You cannot publish over the previously published version 0.1.0." : react-datatable-bootstrap
46 error If you need help, you may report this error at:
46 error     <https://github.com/npm/npm/issues>
47 verbose exit [ 1, true ]
